2026-05-22 16:07:25,339 - INFO - Processing project: Lido Staked
2026-05-22 16:07:25,339 - INFO - Opening https://www.lido.fi/ (Attempt 1)
2026-05-22 16:07:28,863 - INFO - Completed Lido Staked | Email: N/A | Source: Not Found
2026-05-22 16:07:28,864 - INFO - Processing project: USDSUSDS
2026-05-22 16:07:28,864 - INFO - Opening https://bsc-dataseed1.binance.org:443 (Attempt 1)
2026-05-22 16:07:29,739 - INFO - Completed USDSUSDS | Email: N/A | Source: Not Found
2026-05-22 16:07:29,740 - INFO - Processing project: Lido wst
2026-05-22 16:07:29,740 - INFO - Opening https://bsc-dataseed1.binance.org:443 (Attempt 1)
2026-05-22 16:07:30,373 - INFO - Completed Lido wst | Email: N/A | Source: Not Found
2026-05-22 16:07:30,374 - INFO - Processing project: Wrapped BitcoinWBTC
2026-05-22 16:07:30,374 - INFO - Opening https://enjinx.io/en-GB/eth/token/0x2260fac5e5542a773aa44fbcfedf7c193bc2c599 (Attempt 1)
2026-05-22 16:07:36,830 - INFO - Completed Wrapped BitcoinWBTC | Email: N/A | Source: Not Found
2026-05-22 16:07:36,831 - INFO - Processing project: Wrapped Beacon
2026-05-22 16:07:36,831 - INFO - Opening https://bsc-dataseed1.binance.org:443 (Attempt 1)
2026-05-22 16:07:37,465 - INFO - Completed Wrapped Beacon | Email: N/A | Source: Not Found
2026-05-22 16:07:37,466 - INFO - Processing project: WETHWETH
2026-05-22 16:07:37,466 - INFO - Opening https://bsc-dataseed1.binance.org:443 (Attempt 1)
2026-05-22 16:07:38,086 - INFO - Completed WETHWETH | Email: N/A | Source: Not Found
2026-05-22 16:07:38,086 - INFO - Processing project: Coinbase Wrapped
2026-05-22 16:07:38,086 - INFO - Opening https://bsc-dataseed1.binance.org:443 (Attempt 1)
2026-05-22 16:07:38,717 - INFO - Completed Coinbase Wrapped | Email: N/A | Source: Not Found
2026-05-22 16:07:38,717 - INFO - Processing project: Bitcoin BEP2BTCB
2026-05-22 16:07:38,717 - INFO - Opening https://bsc-dataseed1.binance.org:443 (Attempt 1)
2026-05-22 16:07:39,338 - INFO - Completed Bitcoin BEP2BTCB | Email: N/A | Source: Not Found
2026-05-22 16:07:39,339 - INFO - Processing project: USDT0USDT0
2026-05-22 16:07:39,339 - INFO - Opening https://cdn.adx.ws/scripts/loader.js (Attempt 1)
2026-05-22 16:07:40,018 - INFO - Completed USDT0USDT0 | Email: N/A | Source: Not Found
2026-05-22 16:07:40,018 - INFO - Processing project: Aave Ethereum W
2026-05-22 16:07:40,018 - INFO - Opening https://bsc-dataseed1.binance.org:443 (Attempt 1)
2026-05-22 16:07:40,659 - INFO - Completed Aave Ethereum W | Email: N/A | Source: Not Found
2026-05-22 16:07:40,660 - INFO - Processing project: Wrapped e
2026-05-22 16:07:40,660 - INFO - Opening https://bsc-dataseed1.binance.org:443 (Attempt 1)
2026-05-22 16:07:41,291 - INFO - Completed Wrapped e | Email: N/A | Source: Not Found
2026-05-22 16:07:41,291 - INFO - Processing project: Aave Ethereum U
2026-05-22 16:07:41,291 - INFO - Opening https://bsc-dataseed1.binance.org:443 (Attempt 1)
2026-05-22 16:07:41,925 - INFO - Completed Aave Ethereum U | Email: N/A | Source: Not Found
2026-05-22 16:07:41,925 - INFO - Processing project: Ethena Staked
2026-05-22 16:07:41,926 - INFO - Opening https://bsc-dataseed1.binance.org:443 (Attempt 1)
2026-05-22 16:07:42,558 - INFO - Completed Ethena Staked | Email: N/A | Source: Not Found
2026-05-22 16:07:42,558 - INFO - Processing project: syrupUSDCsyrupUSDC
2026-05-22 16:07:42,558 - INFO - Opening https://bsc-dataseed1.binance.org:443 (Attempt 1)
2026-05-22 16:07:43,182 - INFO - Completed syrupUSDCsyrupUSDC | Email: N/A | Source: Not Found
2026-05-22 16:07:43,182 - INFO - Processing project: Wrapped TRONWTRX
2026-05-22 16:07:43,182 - INFO - Opening https://cdn.adx.ws/scripts/loader.js (Attempt 1)
2026-05-22 16:07:43,749 - INFO - Completed Wrapped TRONWTRX | Email: N/A | Source: Not Found
2026-05-22 16:07:43,749 - INFO - Processing project: Kelp DAO Restaked
2026-05-22 16:07:43,749 - INFO - Opening https://bsc-dataseed1.binance.org:443 (Attempt 1)
2026-05-22 16:07:44,386 - INFO - Completed Kelp DAO Restaked | Email: N/A | Source: Not Found
2026-05-22 16:07:44,386 - INFO - Processing project: Bitcoin TRC20BTCT
2026-05-22 16:07:44,386 - INFO - Opening https://app.nansen.ai/token-god-mode?chain=tron\u0026tab=transactions\u0026tokenAddress=TN3W4H6rK2ce4vX9YnFQHwKENnHjoxb3m9 (Attempt 1)
2026-05-22 16:07:45,153 - INFO - Completed Bitcoin TRC20BTCT | Email: N/A | Source: Not Found
2026-05-22 16:07:45,153 - INFO - Processing project: BFUSDBFUSD
2026-05-22 16:07:45,153 - INFO - Opening https://cdn.adx.ws/scripts/loader.js (Attempt 1)
2026-05-22 16:07:45,718 - INFO - Completed BFUSDBFUSD | Email: N/A | Source: Not Found
2026-05-22 16:07:45,718 - INFO - Processing project: BounceBit BTCBBTC
2026-05-22 16:07:45,719 - INFO - Opening https://pbs.twimg.com/media/HIuD_cxXUAEd_cp.jpg (Attempt 1)
2026-05-22 16:07:46,286 - INFO - Completed BounceBit BTCBBTC | Email: N/A | Source: Not Found
2026-05-22 16:07:46,286 - INFO - Processing project: USD Coin BridgedUSDC.e
2026-05-22 16:07:46,286 - INFO - Opening https://explore.mainnet.tempo.xyz/tokens/0x20c000000000000000000000b9537d11c60e8b50 (Attempt 1)
2026-05-22 16:07:55,310 - INFO - Completed USD Coin BridgedUSDC.e | Email: N/A | Source: Not Found
2026-05-22 16:07:55,310 - INFO - Processing project: Ethena Labs (USDtb)
2026-05-22 16:07:55,310 - INFO - Opening https://bsc-dataseed1.binance.org:443 (Attempt 1)
2026-05-22 16:07:55,948 - INFO - Completed Ethena Labs (USDtb) | Email: N/A | Source: Not Found
2026-05-22 16:07:55,948 - INFO - Processing project: Wrapped BNBWBNB
2026-05-22 16:07:55,949 - INFO - Opening https://bsc-dataseed1.binance.org:443 (Attempt 1)
2026-05-22 16:07:56,574 - INFO - Completed Wrapped BNBWBNB | Email: N/A | Source: Not Found
2026-05-22 16:07:56,574 - INFO - Processing project: Kinetiq Staked
2026-05-22 16:07:56,574 - INFO - Opening https://cdn.adx.ws/scripts/loader.js (Attempt 1)
2026-05-22 16:07:57,143 - INFO - Completed Kinetiq Staked | Email: N/A | Source: Not Found
2026-05-22 16:07:57,144 - INFO - Processing project: Binance Staked
2026-05-22 16:07:57,144 - INFO - Opening https://www.binance.com/en/solana-staking (Attempt 1)
2026-05-22 16:08:00,920 - INFO - Completed Binance Staked | Email: essential@0.3.74.js | Source: Website
2026-05-22 16:08:00,920 - INFO - Processing project: Lombard Staked
2026-05-22 16:08:00,920 - INFO - Opening https://bsc-dataseed1.binance.org:443 (Attempt 1)
2026-05-22 16:08:01,574 - INFO - Completed Lombard Staked | Email: N/A | Source: LinkedIn Fallback
2026-05-22 16:08:01,574 - INFO - Processing project: Jito Staked
2026-05-22 16:08:01,574 - INFO - Opening https://blockworks.com/quarterly-calls/jito-26-q1 (Attempt 1)
2026-05-22 16:08:09,338 - INFO - Opening https://blockworks.com/about (Attempt 1)
2026-05-22 16:08:11,522 - INFO - Completed Jito Staked | Email: BlockworksTeam@2x.png | Source: Website
2026-05-22 16:08:11,523 - INFO - Processing project: FunctionFBTC
2026-05-22 16:08:11,523 - INFO - Opening https://bsc-dataseed1.binance.org:443 (Attempt 1)
2026-05-22 16:08:12,152 - INFO - Completed FunctionFBTC | Email: N/A | Source: Not Found
2026-05-22 16:08:12,152 - INFO - Processing project: Rocket Pool
2026-05-22 16:08:12,153 - INFO - Opening https://bsc-dataseed1.binance.org:443 (Attempt 1)
2026-05-22 16:08:12,775 - INFO - Completed Rocket Pool | Email: N/A | Source: Not Found
2026-05-22 16:08:12,775 - INFO - Processing project: Wrapped FlareWFLR
2026-05-22 16:08:12,775 - INFO - Opening https://cdn.adx.ws/scripts/loader.js (Attempt 1)
2026-05-22 16:08:13,345 - INFO - Completed Wrapped FlareWFLR | Email: N/A | Source: Not Found
2026-05-22 16:08:13,345 - INFO - Processing project: Liquid Staked
2026-05-22 16:08:13,345 - INFO - Opening https://bsc-dataseed1.binance.org:443 (Attempt 1)
2026-05-22 16:08:13,981 - INFO - Completed Liquid Staked | Email: N/A | Source: Not Found
2026-05-22 16:08:13,981 - INFO - Processing project: Lista Staked
2026-05-22 16:08:13,981 - INFO - Opening https://bsc-dataseed1.binance.org:443 (Attempt 1)
2026-05-22 16:08:14,611 - INFO - Completed Lista Staked | Email: N/A | Source: Not Found
2026-05-22 16:08:14,611 - INFO - Processing project: syrupUSDTsyrupUSDT
2026-05-22 16:08:14,611 - INFO - Opening https://bsc-dataseed1.binance.org:443 (Attempt 1)
2026-05-22 16:08:15,245 - INFO - Completed syrupUSDTsyrupUSDT | Email: N/A | Source: Not Found
2026-05-22 16:08:15,245 - INFO - Processing project: tBTCTBTC
2026-05-22 16:08:15,245 - INFO - Opening https://reddit.com/r/thresholdnetwork (Attempt 1)
2026-05-22 16:08:16,162 - INFO - Completed tBTCTBTC | Email: N/A | Source: Not Found
2026-05-22 16:08:16,163 - INFO - Processing project: Bond USD0bUSD0
2026-05-22 16:08:16,163 - INFO - Opening https://bsc-dataseed1.binance.org:443 (Attempt 1)
2026-05-22 16:08:16,787 - INFO - Completed Bond USD0bUSD0 | Email: N/A | Source: Not Found
2026-05-22 16:08:16,788 - INFO - Processing project: slisBNBxslisBNBx
2026-05-22 16:08:16,788 - INFO - Opening https://bsc-dataseed1.binance.org:443 (Attempt 1)
2026-05-22 16:08:17,414 - INFO - Completed slisBNBxslisBNBx | Email: N/A | Source: Not Found
2026-05-22 16:08:17,414 - INFO - Processing project: SolvBTCSolvBTC
2026-05-22 16:08:17,414 - INFO - Opening https://bsc-dataseed1.binance.org:443 (Attempt 1)
2026-05-22 16:08:18,040 - INFO - Completed SolvBTCSolvBTC | Email: N/A | Source: Not Found
2026-05-22 16:08:18,040 - INFO - Processing project: Mantle Staked
2026-05-22 16:08:18,040 - INFO - Opening https://bsc-dataseed1.binance.org:443 (Attempt 1)
2026-05-22 16:08:18,673 - INFO - Completed Mantle Staked | Email: N/A | Source: Not Found
2026-05-22 16:08:18,673 - INFO - Processing project: Jupiter Staked
2026-05-22 16:08:18,673 - INFO - Opening https://jup.ag/ (Attempt 1)
2026-05-22 16:08:24,268 - INFO - Completed Jupiter Staked | Email: N/A | Source: Not Found
2026-05-22 16:08:24,268 - INFO - Processing project: Venus BTCvBTC
2026-05-22 16:08:24,268 - INFO - Opening https://bsc-dataseed1.binance.org:443 (Attempt 1)
2026-05-22 16:08:24,903 - INFO - Completed Venus BTCvBTC | Email: N/A | Source: Not Found
2026-05-22 16:08:24,903 - INFO - Processing project: Wrapped ChilizWCHZ
2026-05-22 16:08:24,903 - INFO - Opening https://cdn.adx.ws/scripts/loader.js (Attempt 1)
2026-05-22 16:08:25,470 - INFO - Completed Wrapped ChilizWCHZ | Email: N/A | Source: Not Found
2026-05-22 16:08:25,470 - INFO - Processing project: Venus BNBvBNB
2026-05-22 16:08:25,470 - INFO - Opening https://bsc-dataseed1.binance.org:443 (Attempt 1)
2026-05-22 16:08:26,106 - INFO - Completed Venus BNBvBNB | Email: N/A | Source: Not Found
2026-05-22 16:08:26,106 - INFO - Processing project: Wrapped XTZWXTZ
2026-05-22 16:08:26,106 - INFO - Opening https://bsc-dataseed1.binance.org:443 (Attempt 1)
2026-05-22 16:08:26,737 - INFO - Completed Wrapped XTZWXTZ | Email: N/A | Source: Not Found
2026-05-22 16:08:26,737 - INFO - Processing project: Wrapped HYPEWHYPE
2026-05-22 16:08:26,737 - INFO - Opening https://cdn.adx.ws/scripts/loader.js (Attempt 1)
2026-05-22 16:08:27,315 - INFO - Completed Wrapped HYPEWHYPE | Email: N/A | Source: Not Found
2026-05-22 16:08:27,315 - INFO - Processing project: ether.fi Staked
2026-05-22 16:08:27,315 - INFO - Opening https://bsc-dataseed1.binance.org:443 (Attempt 1)
2026-05-22 16:08:27,956 - INFO - Completed ether.fi Staked | Email: N/A | Source: Not Found
2026-05-22 16:08:27,956 - INFO - Processing project: StakeWise Staked
2026-05-22 16:08:27,956 - INFO - Opening https://stakewise.io (Attempt 1)
2026-05-22 16:08:32,740 - INFO - Completed StakeWise Staked | Email: info@stakewise.io | Source: Website
2026-05-22 16:08:32,740 - INFO - Processing project: Coinbase Wrapped Staked
2026-05-22 16:08:32,740 - INFO - Opening https://bsc-dataseed1.binance.org:443 (Attempt 1)
2026-05-22 16:08:33,370 - INFO - Completed Coinbase Wrapped Staked | Email: N/A | Source: Not Found
2026-05-22 16:08:33,370 - INFO - Processing project: Stader ETHxETHX
2026-05-22 16:08:33,370 - INFO - Opening https://bsc-dataseed1.binance.org:443 (Attempt 1)
2026-05-22 16:08:33,994 - INFO - Completed Stader ETHxETHX | Email: N/A | Source: Not Found
2026-05-22 16:08:33,995 - INFO - Processing project: Marinade Staked
2026-05-22 16:08:33,995 - INFO - Opening https://bsc-dataseed1.binance.org:443 (Attempt 1)
2026-05-22 16:08:34,615 - INFO - Completed Marinade Staked | Email: N/A | Source: Not Found
2026-05-22 16:08:34,616 - INFO - Processing project: GTBTCGTBTC
2026-05-22 16:08:34,616 - INFO - Opening https://bsc-dataseed1.binance.org:443 (Attempt 1)
2026-05-22 16:08:35,245 - INFO - Completed GTBTCGTBTC | Email: N/A | Source: Not Found
2026-05-22 16:08:35,245 - INFO - Processing project: BENQI Liquid Staked
2026-05-22 16:08:35,245 - INFO - Opening https://schema.org (Attempt 1)
2026-05-22 16:08:37,077 - INFO - Completed BENQI Liquid Staked | Email: public-schemaorg@w3.org | Source: Website
2026-05-22 16:08:37,077 - INFO - Processing project: Treehouse ETHTETH
2026-05-22 16:08:37,077 - INFO - Opening https://bsc-dataseed1.binance.org:443 (Attempt 1)
2026-05-22 16:08:37,710 - INFO - Completed Treehouse ETHTETH | Email: N/A | Source: Not Found
2026-05-22 16:08:37,710 - INFO - Processing project: Staked TRXSTRX
2026-05-22 16:08:37,710 - INFO - Opening https://app.nansen.ai/token-god-mode?chain=tron\u0026tab=transactions\u0026tokenAddress=TU3kjFuhtEo42tsCBtfYUAZxoqQ4yuSLQ5 (Attempt 1)
2026-05-22 16:08:38,278 - INFO - Completed Staked TRXSTRX | Email: N/A | Source: Not Found
2026-05-22 16:08:38,278 - INFO - Processing project: Universal BTCUNIBTC
2026-05-22 16:08:38,278 - INFO - Opening https://bsc-dataseed1.binance.org:443 (Attempt 1)
2026-05-22 16:08:38,909 - INFO - Completed Universal BTCUNIBTC | Email: N/A | Source: Not Found
2026-05-22 16:08:38,909 - INFO - Processing project: crvUSDCRVUSD
2026-05-22 16:08:38,909 - INFO - Opening https://www.curve.finance/ (Attempt 1)
2026-05-22 16:08:43,160 - INFO - Completed crvUSDCRVUSD | Email: N/A | Source: Not Found
2026-05-22 16:08:43,160 - INFO - Processing project: Frax Staked Ether
2026-05-22 16:08:43,160 - INFO - Opening https://bsc-dataseed1.binance.org:443 (Attempt 1)
2026-05-22 16:08:43,798 - INFO - Completed Frax Staked Ether | Email: N/A | Source: Not Found
2026-05-22 16:08:43,798 - INFO - Processing project: Rootstock BitcoinrBTC
2026-05-22 16:08:43,798 - INFO - Opening https://bsc-dataseed1.binance.org:443 (Attempt 1)
2026-05-22 16:08:44,430 - INFO - Completed Rootstock BitcoinrBTC | Email: N/A | Source: Not Found
2026-05-22 16:08:44,430 - INFO - Processing project: Beacon ETHBETH
2026-05-22 16:08:44,430 - INFO - Opening https://bsc-dataseed1.binance.org:443 (Attempt 1)
2026-05-22 16:08:45,063 - INFO - Completed Beacon ETHBETH | Email: N/A | Source: Not Found
2026-05-22 16:08:45,064 - INFO - Processing project: Venus USDTvUSDT
2026-05-22 16:08:45,064 - INFO - Opening https://bsc-dataseed1.binance.org:443 (Attempt 1)
2026-05-22 16:08:45,687 - INFO - Completed Venus USDTvUSDT | Email: N/A | Source: Not Found
2026-05-22 16:08:45,687 - INFO - Processing project: Bitcoin Avalanche BridgedBTC.b
2026-05-22 16:08:45,687 - INFO - Opening https://snowtrace.io/token/0x152b9d0FdC40C096757F570A51E494bd4b943E50 (Attempt 1)
2026-05-22 16:08:47,074 - INFO - Completed Bitcoin Avalanche BridgedBTC.b | Email: N/A | Source: Not Found
2026-05-22 16:08:47,074 - INFO - Processing project: Staked AavestkAAVE
2026-05-22 16:08:47,074 - INFO - Opening https://bsc-dataseed1.binance.org:443 (Attempt 1)
2026-05-22 16:08:47,700 - INFO - Completed Staked AavestkAAVE | Email: N/A | Source: Not Found
2026-05-22 16:08:47,700 - INFO - Processing project: Sanctum InfinityINF
2026-05-22 16:08:47,700 - INFO - Opening https://jup.ag/mobile (Attempt 1)
2026-05-22 16:08:49,669 - INFO - Completed Sanctum InfinityINF | Email: mobile-support@jup.ag | Source: Website
2026-05-22 16:08:49,669 - INFO - Processing project: Wrapped Centrifuge
2026-05-22 16:08:49,670 - INFO - Opening https://bsc-dataseed1.binance.org:443 (Attempt 1)
2026-05-22 16:08:50,309 - INFO - Completed Wrapped Centrifuge | Email: N/A | Source: Not Found
2026-05-22 16:08:50,310 - INFO - Processing project: Renzo Restaked
2026-05-22 16:08:50,310 - INFO - Opening https://bsc-dataseed1.binance.org:443 (Attempt 1)
2026-05-22 16:08:50,934 - INFO - Completed Renzo Restaked | Email: N/A | Source: Not Found
2026-05-22 16:08:50,934 - INFO - Processing project: Aster as
2026-05-22 16:08:50,934 - INFO - Opening https://bsc-dataseed1.binance.org:443 (Attempt 1)
2026-05-22 16:08:51,572 - INFO - Completed Aster as | Email: N/A | Source: Not Found
2026-05-22 16:08:51,572 - INFO - Processing project: Wrapped SolanaSOL
2026-05-22 16:08:51,572 - INFO - Opening https://bsc-dataseed1.binance.org:443 (Attempt 1)
2026-05-22 16:08:52,199 - INFO - Completed Wrapped SolanaSOL | Email: N/A | Source: Not Found
2026-05-22 16:08:52,200 - INFO - Processing project: Wrapped AVAXWAVAX
2026-05-22 16:08:52,200 - INFO - Opening https://chat.avalabs.org/ (Attempt 1)
2026-05-22 16:08:55,994 - INFO - Completed Wrapped AVAXWAVAX | Email: N/A | Source: Not Found
2026-05-22 16:08:55,994 - INFO - Processing project: Bybit Staked
2026-05-22 16:08:55,994 - INFO - Opening https://jup.ag/mobile (Attempt 1)
2026-05-22 16:08:56,966 - INFO - Completed Bybit Staked | Email: mobile-support@jup.ag | Source: Website
2026-05-22 16:08:56,967 - INFO - Processing project: JPool Staked SOL (JSOL)
2026-05-22 16:08:56,967 - INFO - Opening https://docs.jpool.one/ (Attempt 1)
2026-05-22 16:08:58,638 - INFO - Completed JPool Staked SOL (JSOL) | Email: N/A | Source: Not Found
2026-05-22 16:08:58,638 - INFO - Processing project: Wrapped FantomWFTM
2026-05-22 16:08:58,638 - INFO - Opening https://bsc-dataseed1.binance.org:443 (Attempt 1)
2026-05-22 16:08:59,265 - INFO - Completed Wrapped FantomWFTM | Email: N/A | Source: Not Found
2026-05-22 16:08:59,265 - INFO - Processing project: Coinbase Wrapped
2026-05-22 16:08:59,265 - INFO - Opening https://www.coinbase.com/campaigns/wrapped-assets (Attempt 1)
2026-05-22 16:09:02,483 - INFO - Opening https://www.coinbase.com/en-in/about (Attempt 1)
2026-05-22 16:09:04,049 - INFO - Opening https://www.coinbase.com/en-in/careers (Attempt 1)
2026-05-22 16:09:06,585 - INFO - Completed Coinbase Wrapped | Email: N/A | Source: Not Found
2026-05-22 16:09:06,586 - INFO - Processing project: BlazeStake Staked
2026-05-22 16:09:06,586 - INFO - Opening https://jup.ag/mobile (Attempt 1)
2026-05-22 16:09:07,560 - INFO - Completed BlazeStake Staked | Email: mobile-support@jup.ag | Source: Website
2026-05-22 16:09:07,560 - INFO - Processing project: Huobi BTCHBTC
2026-05-22 16:09:07,560 - INFO - Opening https://bsc-dataseed1.binance.org:443 (Attempt 1)
2026-05-22 16:09:08,191 - INFO - Completed Huobi BTCHBTC | Email: N/A | Source: Not Found
2026-05-22 16:09:08,191 - INFO - Processing project: Crypto.com Staked
2026-05-22 16:09:08,191 - INFO - Opening https://bsc-dataseed1.binance.org:443 (Attempt 1)
2026-05-22 16:09:08,817 - INFO - Completed Crypto.com Staked | Email: N/A | Source: Not Found
2026-05-22 16:09:08,818 - INFO - Processing project: Wrapped PulseWPLS
2026-05-22 16:09:08,818 - INFO - Opening https://schema.org (Attempt 1)
2026-05-22 16:09:09,725 - INFO - Completed Wrapped PulseWPLS | Email: public-schemaorg@w3.org | Source: Website
2026-05-22 16:09:09,726 - INFO - Processing project: Mantle Restaked
2026-05-22 16:09:09,726 - INFO - Opening https://bsc-dataseed1.binance.org:443 (Attempt 1)
2026-05-22 16:09:10,354 - INFO - Completed Mantle Restaked | Email: N/A | Source: Not Found
2026-05-22 16:09:10,355 - INFO - Processing project: Lorenzo staked USD1+SUSD1+
2026-05-22 16:09:10,355 - INFO - Opening https://bsc-dataseed1.binance.org:443 (Attempt 1)
2026-05-22 16:09:10,999 - INFO - Completed Lorenzo staked USD1+SUSD1+ | Email: N/A | Source: Not Found
2026-05-22 16:09:10,999 - INFO - Processing project: xSolvBTCxSolvBTC
2026-05-22 16:09:10,999 - INFO - Opening https://bsc-dataseed1.binance.org:443 (Attempt 1)
2026-05-22 16:09:11,635 - INFO - Completed xSolvBTCxSolvBTC | Email: N/A | Source: Not Found
2026-05-22 16:09:11,636 - INFO - Processing project: Edgevana Staked
2026-05-22 16:09:11,636 - INFO - Opening https://jup.ag/mobile (Attempt 1)
2026-05-22 16:09:12,575 - INFO - Completed Edgevana Staked | Email: mobile-support@jup.ag | Source: Website
2026-05-22 16:09:12,576 - INFO - Processing project: Wrapped peaq
2026-05-22 16:09:12,576 - INFO - Opening https://www.peaq.network/blog/what-are-decentralized-physical-infrastructure-networks-depin (Attempt 1)
2026-05-22 16:09:18,369 - INFO - Opening https://www.peaq.network/blog/machine-defi-102-all-about-peaq-app-your-machine-economy-gateway (Attempt 1)
2026-05-22 16:09:22,505 - INFO - Completed Wrapped peaq | Email: N/A | Source: Not Found
2026-05-22 16:09:22,505 - INFO - Processing project: ether.fi Staked
2026-05-22 16:09:22,505 - INFO - Opening https://bsc-dataseed1.binance.org:443 (Attempt 1)
2026-05-22 16:09:23,144 - INFO - Completed ether.fi Staked | Email: N/A | Source: Not Found
2026-05-22 16:09:23,144 - INFO - Processing project: Staked USDTSTUSDT
2026-05-22 16:09:23,144 - INFO - Opening https://bsc-dataseed1.binance.org:443 (Attempt 1)
2026-05-22 16:09:23,769 - INFO - Completed Staked USDTSTUSDT | Email: N/A | Source: Not Found
2026-05-22 16:09:23,769 - INFO - Processing project: Haedal Staked
2026-05-22 16:09:23,769 - INFO - Opening https://schema.org (Attempt 1)
2026-05-22 16:09:24,595 - INFO - Completed Haedal Staked | Email: public-schemaorg@w3.org | Source: Website
2026-05-22 16:09:24,596 - INFO - Processing project: pufETHPUFETH
2026-05-22 16:09:24,596 - INFO - Opening https://bsc-dataseed1.binance.org:443 (Attempt 1)
2026-05-22 16:09:25,222 - INFO - Completed pufETHPUFETH | Email: N/A | Source: Not Found
2026-05-22 16:09:25,222 - INFO - Processing project: Venus USDCvUSDC
2026-05-22 16:09:25,222 - INFO - Opening https://bsc-dataseed1.binance.org:443 (Attempt 1)
2026-05-22 16:09:25,858 - INFO - Completed Venus USDCvUSDC | Email: N/A | Source: Not Found
2026-05-22 16:09:25,859 - INFO - Processing project: Wrapped CROWCRO
2026-05-22 16:09:25,859 - INFO - Opening https://schema.org (Attempt 1)
2026-05-22 16:09:26,718 - INFO - Completed Wrapped CROWCRO | Email: public-schemaorg@w3.org | Source: Website
2026-05-22 16:09:26,718 - INFO - Processing project: Staked Frax
2026-05-22 16:09:26,718 - INFO - Opening https://bsc-dataseed1.binance.org:443 (Attempt 1)
2026-05-22 16:09:27,355 - INFO - Completed Staked Frax | Email: N/A | Source: Not Found
2026-05-22 16:09:27,355 - INFO - Processing project: Venus ETHvETH
2026-05-22 16:09:27,355 - INFO - Opening https://bsc-dataseed1.binance.org:443 (Attempt 1)
2026-05-22 16:09:27,980 - INFO - Completed Venus ETHvETH | Email: N/A | Source: Not Found
2026-05-22 16:09:27,981 - INFO - Processing project: Volo Staked
2026-05-22 16:09:27,981 - INFO - Opening https://suivision.xyz/coin/0x549e8b69270defbfafd4f94e17ec44cdbdd99820b33bda2278dea3b9a32d3f55::cert::CERT (Attempt 1)
2026-05-22 16:09:30,566 - INFO - Completed Volo Staked | Email: N/A | Source: Not Found
2026-05-22 16:09:30,566 - INFO - Processing project: swETHSWETH
2026-05-22 16:09:30,566 - INFO - Opening https://bsc-dataseed1.binance.org:443 (Attempt 1)
2026-05-22 16:09:31,196 - INFO - Completed swETHSWETH | Email: N/A | Source: Not Found
2026-05-22 16:09:31,197 - INFO - Processing project: Wrapped TAOWTAO
2026-05-22 16:09:31,197 - INFO - Opening https://bsc-dataseed1.binance.org:443 (Attempt 1)
2026-05-22 16:09:31,818 - INFO - Completed Wrapped TAOWTAO | Email: N/A | Source: Not Found
2026-05-22 16:09:31,818 - INFO - Processing project: Restaked Swell Ethereum
2026-05-22 16:09:31,818 - INFO - Opening https://bsc-dataseed1.binance.org:443 (Attempt 1)
2026-05-22 16:09:32,448 - INFO - Completed Restaked Swell Ethereum | Email: N/A | Source: Not Found
2026-05-22 16:09:32,448 - INFO - Processing project: DeFi Pulse
2026-05-22 16:09:32,448 - INFO - Opening https://bsc-dataseed1.binance.org:443 (Attempt 1)
2026-05-22 16:09:33,074 - INFO - Completed DeFi Pulse | Email: N/A | Source: Not Found
2026-05-22 16:09:33,074 - INFO - Processing project: Wrapped Rootstock Bitcoin
2026-05-22 16:09:33,074 - INFO - Opening https://oku.trade/?inputChain=rootstock\u0026inToken=0x0000000000000000000000000000000000000000\u0026outToken=0x542fDA317318eBF1d3DEAf76E0b632741A7e677d (Attempt 1)
2026-05-22 16:09:38,204 - INFO - Completed Wrapped Rootstock Bitcoin | Email: N/A | Source: Not Found
2026-05-22 16:09:38,205 - INFO - Processing project: Wrapped HBARWHBAR
2026-05-22 16:09:38,205 - INFO - Opening https://kabuto.sh/ (Attempt 1)
2026-05-22 16:09:41,997 - INFO - Completed Wrapped HBARWHBAR | Email: N/A | Source: Not Found
2026-05-22 16:09:41,997 - INFO - Processing project: Wrapped NXMWNXM
2026-05-22 16:09:41,997 - INFO - Opening https://bsc-dataseed1.binance.org:443 (Attempt 1)
2026-05-22 16:09:42,634 - INFO - Completed Wrapped NXMWNXM | Email: N/A | Source: Not Found
2026-05-22 16:09:42,635 - INFO - Processing project: Wrapped MaticWMATIC
2026-05-22 16:09:42,635 - INFO - Opening https://bsc-dataseed1.binance.org:443 (Attempt 1)
2026-05-22 16:09:43,264 - INFO - Completed Wrapped MaticWMATIC | Email: N/A | Source: Not Found
2026-05-22 16:09:43,265 - INFO - Processing project: Universal ETHUNIETH
2026-05-22 16:09:43,265 - INFO - Opening https://bsc-dataseed1.binance.org:443 (Attempt 1)
2026-05-22 16:09:43,902 - INFO - Completed Universal ETHUNIETH | Email: N/A | Source: Not Found
2026-05-22 16:09:43,902 - INFO - Processing project: Amnis Staked Aptos coin
2026-05-22 16:09:43,902 - INFO - Opening https://tracemove.io/coin/0x111ae3e5bc816a5e63c2da97d0aa3886519e0cd5e4b046659fa35796bd11542a::stapt_token::StakedApt (Attempt 1)
2026-05-22 16:09:45,058 - INFO - Completed Amnis Staked Aptos coin | Email: N/A | Source: Not Found
2026-05-22 16:09:45,059 - INFO - Processing project: Wrapped BeraWBERA
2026-05-22 16:09:45,059 - INFO - Opening https://honeypaper.berachain.com/ (Attempt 1)
2026-05-22 16:09:47,604 - INFO - Completed Wrapped BeraWBERA | Email: N/A | Source: Not Found
2026-05-22 16:09:47,604 - INFO - Processing project: OpenEden Compounding Open
2026-05-22 16:09:47,604 - INFO - Opening https://bsc-dataseed1.binance.org:443 (Attempt 1)
2026-05-22 16:09:48,230 - INFO - Completed OpenEden Compounding Open | Email: N/A | Source: Not Found
2026-05-22 16:09:48,230 - INFO - Processing project: PEAQ50
2026-05-22 16:09:48,230 - INFO - Opening https://bsc-dataseed1.binance.org:443 (Attempt 1)
2026-05-22 16:09:48,856 - INFO - Completed PEAQ50 | Email: N/A | Source: Not Found
2026-05-22 16:09:48,941 - INFO - Extraction completed successfully. Total projects processed: 101
2026-05-22 17:47:59,297 - INFO - Processing project: Lido Staked
2026-05-22 17:47:59,297 - INFO - Opening https://www.onetrust.com/products/cookie-consent/ (Attempt 1)
2026-05-22 17:48:02,900 - INFO - Completed Lido Staked | Email: legal@folloze.com | Source: Website
2026-05-22 17:48:02,901 - INFO - Processing project: USDSUSDS
2026-05-22 17:48:02,901 - INFO - Opening https://www.solflare.com/ (Attempt 1)
2026-05-22 17:48:05,495 - INFO - Completed USDSUSDS | Email: N/A | Source: Not Found
2026-05-22 17:48:05,495 - INFO - Processing project: Lido wst
2026-05-22 17:48:05,495 - INFO - Opening https://polygonscan.com (Attempt 1)
2026-05-22 17:48:12,633 - INFO - Completed Lido wst | Email: N/A | Source: Not Found
2026-05-22 17:48:12,634 - INFO - Processing project: Wrapped BitcoinWBTC
2026-05-22 17:48:12,634 - INFO - Opening https://polygonscan.com (Attempt 1)
2026-05-22 17:48:19,686 - INFO - Completed Wrapped BitcoinWBTC | Email: N/A | Source: Not Found
2026-05-22 17:48:19,687 - INFO - Processing project: Wrapped Beacon
2026-05-22 17:48:19,687 - INFO - Opening https://dub.sh/pizza-photo-drop (Attempt 1)
2026-05-22 17:48:24,550 - INFO - Completed Wrapped Beacon | Email: N/A | Source: Not Found
2026-05-22 17:48:24,550 - INFO - Processing project: WETHWETH
2026-05-22 17:48:24,551 - INFO - Opening https://polygonscan.com (Attempt 1)
2026-05-22 17:48:31,652 - INFO - Completed WETHWETH | Email: N/A | Source: Not Found
2026-05-22 17:48:31,653 - INFO - Processing project: Coinbase Wrapped
2026-05-22 17:48:31,653 - INFO - Opening https://www.onetrust.com/products/cookie-consent/ (Attempt 1)
2026-05-22 17:48:34,611 - INFO - Completed Coinbase Wrapped | Email: legal@folloze.com | Source: Website
2026-05-22 17:48:34,612 - INFO - Processing project: Bitcoin BEP2BTCB
2026-05-22 17:48:34,613 - INFO - Opening https://www.onetrust.com/products/cookie-consent/ (Attempt 1)
2026-05-22 17:48:37,296 - INFO - Completed Bitcoin BEP2BTCB | Email: legal@folloze.com | Source: Website
2026-05-22 17:48:37,296 - INFO - Processing project: USDT0USDT0
2026-05-22 17:48:37,296 - INFO - Opening https://polygonscan.com (Attempt 1)
2026-05-22 17:48:44,379 - INFO - Completed USDT0USDT0 | Email: N/A | Source: Not Found
2026-05-22 17:48:44,380 - INFO - Processing project: Aave Ethereum W
2026-05-22 17:48:44,380 - INFO - Opening https://dub.sh/pizza-photo-drop (Attempt 1)
2026-05-22 17:48:47,643 - INFO - Completed Aave Ethereum W | Email: N/A | Source: Not Found
2026-05-22 17:48:47,644 - INFO - Processing project: Wrapped e
2026-05-22 17:48:47,644 - INFO - Opening https://lineascan.build/token/0x1Bf74C010E6320bab11e2e5A532b5AC15e0b8aA6 (Attempt 1)
2026-05-22 17:48:54,949 - INFO - Completed Wrapped e | Email: N/A | Source: Not Found
2026-05-22 17:48:54,950 - INFO - Processing project: Aave Ethereum U
2026-05-22 17:48:54,950 - INFO - Opening https://dub.sh/pizza-photo-drop (Attempt 1)
2026-05-22 17:48:58,203 - INFO - Completed Aave Ethereum U | Email: N/A | Source: Not Found
2026-05-22 17:48:58,204 - INFO - Processing project: Ethena Staked
2026-05-22 17:48:58,204 - INFO - Opening https://www.onetrust.com/products/cookie-consent/ (Attempt 1)
2026-05-22 17:49:01,147 - INFO - Completed Ethena Staked | Email: legal@folloze.com | Source: Website
2026-05-22 17:49:01,147 - INFO - Processing project: syrupUSDCsyrupUSDC
2026-05-22 17:49:01,147 - INFO - Opening https://www.onetrust.com/products/cookie-consent/ (Attempt 1)
2026-05-22 17:49:03,839 - INFO - Completed syrupUSDCsyrupUSDC | Email: legal@folloze.com | Source: Website
2026-05-22 17:49:03,839 - INFO - Processing project: Wrapped TRONWTRX
2026-05-22 17:49:03,839 - INFO - Opening https://dub.sh/pizza-photo-drop (Attempt 1)
2026-05-22 17:49:07,112 - INFO - Completed Wrapped TRONWTRX | Email: N/A | Source: Not Found
2026-05-22 17:49:07,113 - INFO - Processing project: Kelp DAO Restaked
2026-05-22 17:49:07,113 - INFO - Opening https://www.onetrust.com/products/cookie-consent/ (Attempt 1)
2026-05-22 17:49:10,056 - INFO - Completed Kelp DAO Restaked | Email: legal@folloze.com | Source: Website
2026-05-22 17:49:10,056 - INFO - Processing project: Bitcoin TRC20BTCT
2026-05-22 17:49:10,057 - INFO - Opening https://bitcoin.org/bitcoin.pdf (Attempt 1)
2026-05-22 17:49:10,403 - WARNING - Attempt 1 failed for https://bitcoin.org/bitcoin.pdf: Page.goto: Download is starting
Call log:
  - navigating to "https://bitcoin.org/bitcoin.pdf", waiting until "domcontentloaded"

2026-05-22 17:49:10,403 - INFO - Opening https://bitcoin.org/bitcoin.pdf (Attempt 2)
2026-05-22 17:49:10,407 - WARNING - Attempt 2 failed for https://bitcoin.org/bitcoin.pdf: Page.goto: Download is starting
Call log:
  - navigating to "https://bitcoin.org/bitcoin.pdf", waiting until "domcontentloaded"

2026-05-22 17:49:10,407 - ERROR - Failed to open https://bitcoin.org/bitcoin.pdf after 2 attempts.
2026-05-22 17:49:10,407 - INFO - Completed Bitcoin TRC20BTCT | Email: N/A | Source: Not Found
2026-05-22 17:49:10,408 - INFO - Processing project: BFUSDBFUSD
2026-05-22 17:49:10,408 - INFO - Opening https://dub.sh/pizza-photo-drop (Attempt 1)
2026-05-22 17:49:13,698 - INFO - Completed BFUSDBFUSD | Email: N/A | Source: Not Found
2026-05-22 17:49:13,699 - INFO - Processing project: BounceBit BTCBBTC
2026-05-22 17:49:13,699 - INFO - Opening https://www.onetrust.com/products/cookie-consent/ (Attempt 1)
2026-05-22 17:49:16,661 - INFO - Completed BounceBit BTCBBTC | Email: legal@folloze.com | Source: Website
2026-05-22 17:49:16,662 - INFO - Processing project: USD Coin BridgedUSDC.e
2026-05-22 17:49:16,662 - INFO - Opening https://polygonscan.com (Attempt 1)
2026-05-22 17:49:23,825 - INFO - Completed USD Coin BridgedUSDC.e | Email: N/A | Source: Not Found
2026-05-22 17:49:23,826 - INFO - Processing project: Ethena Labs (USDtb)
2026-05-22 17:49:23,826 - INFO - Opening https://usdtb.money/ (Attempt 1)
2026-05-22 17:49:29,819 - INFO - Completed Ethena Labs (USDtb) | Email: N/A | Source: Not Found
2026-05-22 17:49:29,820 - INFO - Processing project: Kinetiq Staked
2026-05-22 17:49:29,820 - INFO - Opening https://dub.sh/pizza-photo-drop (Attempt 1)
2026-05-22 17:49:33,093 - INFO - Completed Kinetiq Staked | Email: N/A | Source: Not Found
2026-05-22 17:49:33,094 - INFO - Processing project: Wrapped BNBWBNB
2026-05-22 17:49:33,094 - INFO - Opening https://polygonscan.com (Attempt 1)
2026-05-22 17:49:40,231 - INFO - Completed Wrapped BNBWBNB | Email: N/A | Source: Not Found
2026-05-22 17:49:40,232 - INFO - Processing project: Binance Staked
2026-05-22 17:49:40,232 - INFO - Opening https://www.onetrust.com/products/cookie-consent/ (Attempt 1)
2026-05-22 17:49:43,218 - INFO - Completed Binance Staked | Email: legal@folloze.com | Source: Website
2026-05-22 17:49:43,218 - INFO - Processing project: Lombard Staked
2026-05-22 17:49:43,218 - INFO - Opening https://www.onetrust.com/products/cookie-consent/ (Attempt 1)
2026-05-22 17:49:45,943 - INFO - Completed Lombard Staked | Email: legal@folloze.com | Source: Website
2026-05-22 17:49:45,944 - INFO - Processing project: Jito Staked
2026-05-22 17:49:45,944 - INFO - Opening https://www.onetrust.com/products/cookie-consent/ (Attempt 1)
2026-05-22 17:49:48,654 - INFO - Completed Jito Staked | Email: legal@folloze.com | Source: Website
2026-05-22 17:49:48,655 - INFO - Processing project: FunctionFBTC
2026-05-22 17:49:48,655 - INFO - Opening https://dub.sh/pizza-photo-drop (Attempt 1)
2026-05-22 17:49:51,933 - INFO - Completed FunctionFBTC | Email: N/A | Source: Not Found
2026-05-22 17:49:51,933 - INFO - Processing project: Rocket Pool
2026-05-22 17:49:51,933 - INFO - Opening https://www.onetrust.com/products/cookie-consent/ (Attempt 1)
2026-05-22 17:49:54,899 - INFO - Completed Rocket Pool | Email: legal@folloze.com | Source: Website
2026-05-22 17:49:54,900 - INFO - Processing project: Wrapped FlareWFLR
2026-05-22 17:49:54,900 - INFO - Opening https://www.onetrust.com/products/cookie-consent/ (Attempt 1)
2026-05-22 17:49:57,642 - INFO - Completed Wrapped FlareWFLR | Email: legal@folloze.com | Source: Website
2026-05-22 17:49:57,643 - INFO - Processing project: Liquid Staked
2026-05-22 17:49:57,643 - INFO - Opening https://dub.sh/pizza-photo-drop (Attempt 1)
2026-05-22 17:50:00,884 - INFO - Completed Liquid Staked | Email: N/A | Source: Not Found
2026-05-22 17:50:00,885 - INFO - Processing project: Lista Staked
2026-05-22 17:50:00,885 - INFO - Opening https://lista.org (Attempt 1)
2026-05-22 17:50:09,264 - INFO - Completed Lista Staked | Email: partnerships@lista.org | Source: Website
2026-05-22 17:50:09,265 - INFO - Processing project: syrupUSDTsyrupUSDT
2026-05-22 17:50:09,265 - INFO - Opening https://www.onetrust.com/products/cookie-consent/ (Attempt 1)
2026-05-22 17:50:12,238 - INFO - Completed syrupUSDTsyrupUSDT | Email: legal@folloze.com | Source: Website
2026-05-22 17:50:12,238 - INFO - Processing project: tBTCTBTC
2026-05-22 17:50:12,239 - INFO - Opening https://polygonscan.com (Attempt 1)
2026-05-22 17:50:19,368 - INFO - Completed tBTCTBTC | Email: N/A | Source: Not Found
2026-05-22 17:50:19,368 - INFO - Processing project: Bond USD0bUSD0
2026-05-22 17:50:19,368 - INFO - Opening https://www.onetrust.com/products/cookie-consent/ (Attempt 1)
2026-05-22 17:50:22,341 - INFO - Completed Bond USD0bUSD0 | Email: legal@folloze.com | Source: Website
2026-05-22 17:50:22,342 - INFO - Processing project: slisBNBxslisBNBx
2026-05-22 17:50:22,342 - INFO - Opening https://lista.org (Attempt 1)
2026-05-22 17:50:30,113 - INFO - Completed slisBNBxslisBNBx | Email: partnerships@lista.org | Source: Website
2026-05-22 17:50:30,114 - INFO - Processing project: SolvBTCSolvBTC
2026-05-22 17:50:30,114 - INFO - Opening https://www.onetrust.com/products/cookie-consent/ (Attempt 1)
2026-05-22 17:50:33,294 - INFO - Completed SolvBTCSolvBTC | Email: legal@folloze.com | Source: Website
2026-05-22 17:50:33,295 - INFO - Processing project: Mantle Staked
2026-05-22 17:50:33,295 - INFO - Opening https://dub.sh/pizza-photo-drop (Attempt 1)
2026-05-22 17:50:36,540 - INFO - Completed Mantle Staked | Email: N/A | Source: Not Found
2026-05-22 17:50:36,541 - INFO - Processing project: Jupiter Staked
2026-05-22 17:50:36,541 - INFO - Opening https://www.onetrust.com/products/cookie-consent/ (Attempt 1)
2026-05-22 17:50:39,487 - INFO - Completed Jupiter Staked | Email: legal@folloze.com | Source: Website
2026-05-22 17:50:39,487 - INFO - Processing project: Venus BTCvBTC
2026-05-22 17:50:39,487 - INFO - Opening https://binplorer.com/address/0x882C173bC7Ff3b7786CA16dfeD3DFFfb9Ee7847B (Attempt 1)
2026-05-22 17:50:45,820 - INFO - Opening https://binplorer.com/contact (Attempt 1)
2026-05-22 17:50:52,912 - INFO - Completed Venus BTCvBTC | Email: N/A | Source: Not Found
2026-05-22 17:50:52,912 - INFO - Processing project: Wrapped ChilizWCHZ
2026-05-22 17:50:52,912 - INFO - Opening https://www.onetrust.com/products/cookie-consent/ (Attempt 1)
2026-05-22 17:50:55,870 - INFO - Completed Wrapped ChilizWCHZ | Email: legal@folloze.com | Source: Website
2026-05-22 17:50:55,870 - INFO - Processing project: Venus BNBvBNB
2026-05-22 17:50:55,871 - INFO - Opening https://dub.sh/pizza-photo-drop (Attempt 1)
2026-05-22 17:50:59,142 - INFO - Completed Venus BNBvBNB | Email: N/A | Source: Not Found
2026-05-22 17:50:59,142 - INFO - Processing project: Wrapped XTZWXTZ
2026-05-22 17:50:59,142 - INFO - Opening https://dub.sh/pizza-photo-drop (Attempt 1)
2026-05-22 17:51:02,305 - INFO - Completed Wrapped XTZWXTZ | Email: N/A | Source: Not Found
2026-05-22 17:51:02,306 - INFO - Processing project: Wrapped HYPEWHYPE
2026-05-22 17:51:02,306 - INFO - Opening https://www.onetrust.com/products/cookie-consent/ (Attempt 1)
2026-05-22 17:51:05,254 - INFO - Completed Wrapped HYPEWHYPE | Email: legal@folloze.com | Source: Website
2026-05-22 17:51:05,255 - INFO - Processing project: ether.fi Staked
2026-05-22 17:51:05,255 - INFO - Opening https://www.onetrust.com/products/cookie-consent/ (Attempt 1)
2026-05-22 17:51:07,939 - INFO - Completed ether.fi Staked | Email: legal@folloze.com | Source: Website
2026-05-22 17:51:07,940 - INFO - Processing project: StakeWise Staked
2026-05-22 17:51:07,940 - INFO - Opening https://www.onetrust.com/products/cookie-consent/ (Attempt 1)
2026-05-22 17:51:10,630 - INFO - Completed StakeWise Staked | Email: legal@folloze.com | Source: Website
2026-05-22 17:51:10,631 - INFO - Processing project: Coinbase Wrapped Staked
2026-05-22 17:51:10,631 - INFO - Opening https://www.onetrust.com/products/cookie-consent/ (Attempt 1)
2026-05-22 17:51:13,392 - INFO - Completed Coinbase Wrapped Staked | Email: legal@folloze.com | Source: Website
2026-05-22 17:51:13,393 - INFO - Processing project: Stader ETHxETHX
2026-05-22 17:51:13,393 - INFO - Opening https://www.staderlabs.com/eth/ (Attempt 1)
2026-05-22 17:51:19,834 - INFO - Opening https://www.staderlabs.com/partners (Attempt 1)
2026-05-22 17:51:25,312 - INFO - Opening https://www.staderlabs.com/about-stader (Attempt 1)
2026-05-22 17:51:30,308 - INFO - Completed Stader ETHxETHX | Email: N/A | Source: Not Found
2026-05-22 17:51:30,308 - INFO - Processing project: Marinade Staked
2026-05-22 17:51:30,309 - INFO - Opening https://www.onetrust.com/products/cookie-consent/ (Attempt 1)
2026-05-22 17:51:33,255 - INFO - Completed Marinade Staked | Email: legal@folloze.com | Source: Website
2026-05-22 17:51:33,255 - INFO - Processing project: GTBTCGTBTC
2026-05-22 17:51:33,255 - INFO - Opening https://dub.sh/pizza-photo-drop (Attempt 1)
2026-05-22 17:51:36,523 - INFO - Completed GTBTCGTBTC | Email: N/A | Source: Not Found
2026-05-22 17:51:36,523 - INFO - Processing project: BENQI Liquid Staked
2026-05-22 17:51:36,523 - INFO - Opening https://www.onetrust.com/products/cookie-consent/ (Attempt 1)
2026-05-22 17:51:39,499 - INFO - Completed BENQI Liquid Staked | Email: legal@folloze.com | Source: Website
2026-05-22 17:51:39,501 - INFO - Processing project: Treehouse ETHTETH
2026-05-22 17:51:39,501 - INFO - Opening https://dub.sh/pizza-photo-drop (Attempt 1)
2026-05-22 17:51:42,946 - INFO - Completed Treehouse ETHTETH | Email: N/A | Source: Not Found
2026-05-22 17:51:42,946 - INFO - Processing project: Staked TRXSTRX
2026-05-22 17:51:42,946 - INFO - Opening https://www.onetrust.com/products/cookie-consent/ (Attempt 1)
2026-05-22 17:51:45,920 - INFO - Completed Staked TRXSTRX | Email: legal@folloze.com | Source: Website
2026-05-22 17:51:45,921 - INFO - Processing project: Universal BTCUNIBTC
2026-05-22 17:51:45,921 - INFO - Opening https://sonicscan.org/token/0xC3827A4BC8224ee2D116637023b124CED6db6e90 (Attempt 1)
2026-05-22 17:51:53,088 - INFO - Completed Universal BTCUNIBTC | Email: N/A | Source: Not Found
2026-05-22 17:51:53,088 - INFO - Processing project: crvUSDCRVUSD
2026-05-22 17:51:53,088 - INFO - Opening https://polygonscan.com (Attempt 1)
2026-05-22 17:52:00,256 - INFO - Completed crvUSDCRVUSD | Email: N/A | Source: Not Found
2026-05-22 17:52:00,257 - INFO - Processing project: Frax Staked Ether
2026-05-22 17:52:00,257 - INFO - Opening https://polygonscan.com (Attempt 1)
2026-05-22 17:52:07,304 - INFO - Completed Frax Staked Ether | Email: N/A | Source: Not Found
2026-05-22 17:52:07,305 - INFO - Processing project: Rootstock BitcoinrBTC
2026-05-22 17:52:07,305 - INFO - Opening https://block.io/ (Attempt 1)
2026-05-22 17:52:14,572 - INFO - Completed Rootstock BitcoinrBTC | Email: N/A | Source: Not Found
2026-05-22 17:52:14,572 - INFO - Processing project: Beacon ETHBETH
2026-05-22 17:52:14,573 - INFO - Processing project: Venus USDTvUSDT
2026-05-22 17:52:14,573 - INFO - Opening https://www.onetrust.com/products/cookie-consent/ (Attempt 1)
2026-05-22 17:52:17,516 - INFO - Completed Venus USDTvUSDT | Email: legal@folloze.com | Source: Website
2026-05-22 17:52:17,517 - INFO - Processing project: Bitcoin Avalanche BridgedBTC.b
2026-05-22 17:52:17,517 - INFO - Opening https://snowscan.xyz/token/0x152b9d0FdC40C096757F570A51E494bd4b943E50 (Attempt 1)
2026-05-22 17:52:24,688 - INFO - Completed Bitcoin Avalanche BridgedBTC.b | Email: N/A | Source: Not Found
2026-05-22 17:52:24,689 - INFO - Processing project: Staked AavestkAAVE
2026-05-22 17:52:24,689 - INFO - Opening https://www.onetrust.com/products/cookie-consent/ (Attempt 1)
2026-05-22 17:52:27,652 - INFO - Completed Staked AavestkAAVE | Email: legal@folloze.com | Source: Website
2026-05-22 17:52:27,652 - INFO - Processing project: Sanctum InfinityINF
2026-05-22 17:52:27,652 - INFO - Opening https://www.onetrust.com/products/cookie-consent/ (Attempt 1)
2026-05-22 17:52:30,351 - INFO - Completed Sanctum InfinityINF | Email: legal@folloze.com | Source: Website
2026-05-22 17:52:30,352 - INFO - Processing project: Wrapped Centrifuge
2026-05-22 17:52:30,352 - INFO - Opening https://tinlake.centrifuge.io/ (Attempt 1)
2026-05-22 17:52:38,130 - INFO - Completed Wrapped Centrifuge | Email: N/A | Source: Not Found
2026-05-22 17:52:38,131 - INFO - Processing project: Renzo Restaked
2026-05-22 17:52:38,131 - INFO - Opening https://arbiscan.io/token/0x2416092f143378750bb29b79eD961ab195CcEea5 (Attempt 1)
